[18-Oct-2021 18:54:02 -0500]: <c8bc23dd> In migration: 0000-dbinit
[18-Oct-2021 18:54:02 -0500]: <c8bc23dd> Found 7 matches
[18-Oct-2021 18:54:02 -0500]: <c8bc23dd> In migration: 0000-sample
[18-Oct-2021 18:54:02 -0500]: <c8bc23dd> Found 1 matches
[18-Oct-2021 18:54:02 -0500]: <c8bc23dd> In migration: 0001-categories
[18-Oct-2021 18:54:02 -0500]: <c8bc23dd> Found 1 matches
[18-Oct-2021 18:54:02 -0500]: <c8bc23dd> In migration: 0002-increasetextfieldlengths
[18-Oct-2021 18:54:02 -0500]: <c8bc23dd> Found 7 matches
[18-Oct-2021 18:54:02 -0500]: <c8bc23dd> In migration: 0003-fixtimestampdefaultvalue
[18-Oct-2021 18:54:02 -0500]: <c8bc23dd> Found 1 matches
[18-Oct-2021 18:54:02 -0500]: <c8bc23dd> In migration: 0004-fixtimestampdefaultvalue
[18-Oct-2021 18:54:02 -0500]: <c8bc23dd> Found 1 matches
[18-Oct-2021 18:54:02 -0500]: <c8bc23dd> In migration: 0005-changemysqlut8toutf8mb4
[18-Oct-2021 18:54:02 -0500]: <c8bc23dd> Found 1 matches
[18-Oct-2021 18:56:21 -0500]: <037db3d6> In migration: 0000-dbinit
[18-Oct-2021 18:56:21 -0500]: <037db3d6> Found 7 matches
[18-Oct-2021 18:56:21 -0500]: <037db3d6> In migration: 0000-sample
[18-Oct-2021 18:56:21 -0500]: <037db3d6> Found 1 matches
[18-Oct-2021 18:56:21 -0500]: <037db3d6> In migration: 0001-categories
[18-Oct-2021 18:56:21 -0500]: <037db3d6> Found 1 matches
[18-Oct-2021 18:56:21 -0500]: <037db3d6> In migration: 0002-increasetextfieldlengths
[18-Oct-2021 18:56:21 -0500]: <037db3d6> Found 7 matches
[18-Oct-2021 18:56:21 -0500]: <037db3d6> In migration: 0003-fixtimestampdefaultvalue
[18-Oct-2021 18:56:21 -0500]: <037db3d6> Found 1 matches
[18-Oct-2021 18:56:22 -0500]: <037db3d6> In migration: 0004-fixtimestampdefaultvalue
[18-Oct-2021 18:56:22 -0500]: <037db3d6> Found 1 matches
[18-Oct-2021 18:56:22 -0500]: <037db3d6> In migration: 0005-changemysqlut8toutf8mb4
[18-Oct-2021 18:56:22 -0500]: <037db3d6> Found 1 matches
[22-Nov-2021 06:13:12 -0600]: <02e21f29> In migration: 0000-dbinit
[22-Nov-2021 06:13:12 -0600]: <02e21f29> Found 7 matches
[22-Nov-2021 06:13:13 -0600]: <02e21f29> In migration: 0000-sample
[22-Nov-2021 06:13:13 -0600]: <02e21f29> Found 1 matches
[22-Nov-2021 06:13:13 -0600]: <02e21f29> In migration: 0001-categories
[22-Nov-2021 06:13:13 -0600]: <02e21f29> Found 1 matches
[22-Nov-2021 06:13:13 -0600]: <02e21f29> In migration: 0002-increasetextfieldlengths
[22-Nov-2021 06:13:13 -0600]: <02e21f29> Found 7 matches
[22-Nov-2021 06:13:15 -0600]: <02e21f29> In migration: 0003-fixtimestampdefaultvalue
[22-Nov-2021 06:13:15 -0600]: <02e21f29> Found 1 matches
[22-Nov-2021 06:13:15 -0600]: <02e21f29> In migration: 0004-fixtimestampdefaultvalue
[22-Nov-2021 06:13:15 -0600]: <02e21f29> Found 1 matches
[22-Nov-2021 06:13:15 -0600]: <02e21f29> In migration: 0005-changemysqlut8toutf8mb4
[22-Nov-2021 06:13:15 -0600]: <02e21f29> Found 1 matches
